<?xml version="1.0" encoding="UTF-8"?>
<testng-results ignored="0" total="1" passed="1" failed="0" skipped="0">
  <reporter-output>
  </reporter-output>
  <suite started-at="2023-11-06T08:41:28 IST" name="Default suite" finished-at="2023-11-06T08:41:34 IST" duration-ms="5964">
    <groups>
    </groups>
    <test started-at="2023-11-06T08:41:28 IST" name="Default test" finished-at="2023-11-06T08:41:34 IST" duration-ms="5964">
      <class name="myfirstpck.LoginPage">
        <test-method is-config="true" signature="setUp()[pri:0, instance:myfirstpck.LoginPage@29626d54]" started-at="2023-11-06T08:41:28 IST" name="setUp" finished-at="2023-11-06T08:41:32 IST" duration-ms="4393" status="PASS">
          <reporter-output>
          </reporter-output>
        </test-method> <!-- setUp -->
        <test-method signature="testValidLogin()[pri:0, instance:myfirstpck.LoginPage@29626d54]" started-at="2023-11-06T08:41:32 IST" name="testValidLogin" finished-at="2023-11-06T08:41:34 IST" duration-ms="1421" status="PASS">
          <reporter-output>
          </reporter-output>
        </test-method> <!-- testValidLogin -->
        <test-method is-config="true" signature="teardown()[pri:0, instance:myfirstpck.LoginPage@29626d54]" started-at="2023-11-06T08:41:34 IST" name="teardown" finished-at="2023-11-06T08:41:34 IST" duration-ms="118" status="PASS">
          <reporter-output>
          </reporter-output>
        </test-method> <!-- teardown -->
      </class> <!-- myfirstpck.LoginPage -->
    </test> <!-- Default test -->
  </suite> <!-- Default suite -->
</testng-results>
